
> zbarci-remake@0.1.0 dev
> next dev

⚠ Invalid next.config.ts options detected: 
⚠     Unrecognized key(s) in object: 'turbo' at "experimental"
⚠ See more info here: https://nextjs.org/docs/messages/invalid-next-config
▲ Next.js 16.1.6 (Turbopack)
- Local:         http://localhost:3000
- Network:       http://192.168.100.39:3000
- Experiments (use with caution):
  ? turbo (invalid experimental key)

✓ Starting...
✓ Ready in 1915ms
 GET /play 200 in 1732ms (compile: 1657ms, render: 75ms)
 GET /meta.json 404 in 190ms (compile: 168ms, render: 23ms)
 HEAD /play 200 in 15ms (compile: 3ms, render: 12ms)
 GET / 200 in 275ms (compile: 247ms, render: 28ms)
 GET /play 200 in 26ms (compile: 8ms, render: 18ms)
 GET /play 200 in 21ms (compile: 3ms, render: 18ms)
 GET / 200 in 27ms (compile: 4ms, render: 23ms)
 GET /play 200 in 27ms (compile: 8ms, render: 19ms)
 GET /meta.json 404 in 24ms (compile: 3ms, render: 21ms)
 GET /play 200 in 33ms (compile: 9ms, render: 24ms)
 GET /meta.json 404 in 17ms (compile: 3ms, render: 14ms)
 GET / 200 in 22ms (compile: 6ms, render: 16ms)
 GET /play 200 in 18ms (compile: 8ms, render: 10ms)
 GET /play 200 in 28ms (compile: 8ms, render: 21ms)
 GET /meta.json 404 in 15ms (compile: 2ms, render: 13ms)
✓ Compiled in 28ms
 GET /play 200 in 133ms (compile: 53ms, render: 80ms)
 GET /play 200 in 31ms (compile: 9ms, render: 22ms)
 GET /meta.json 404 in 17ms (compile: 2ms, render: 15ms)
 GET / 200 in 29ms (compile: 6ms, render: 23ms)
 GET /play 200 in 19ms (compile: 7ms, render: 12ms)
 GET /play 200 in 31ms (compile: 9ms, render: 22ms)
 GET /meta.json 404 in 20ms (compile: 3ms, render: 18ms)
 GET /meta.json 404 in 17ms (compile: 4ms, render: 13ms)
 GET /play 200 in 46ms (compile: 18ms, render: 29ms)
 GET /play 200 in 27ms (compile: 6ms, render: 21ms)
 GET /meta.json 404 in 17ms (compile: 3ms, render: 15ms)
 GET / 200 in 30ms (compile: 7ms, render: 23ms)
 GET /meta.json 404 in 16ms (compile: 3ms, render: 14ms)
 GET /meta.json 404 in 22ms (compile: 5ms, render: 18ms)
 GET /play 200 in 17ms (compile: 7ms, render: 10ms)
 GET / 200 in 19ms (compile: 4ms, render: 15ms)
 GET /play 200 in 21ms (compile: 8ms, render: 13ms)
 GET /play 200 in 26ms (compile: 6ms, render: 20ms)
 GET /meta.json 404 in 15ms (compile: 3ms, render: 13ms)
 GET /play 200 in 30ms (compile: 7ms, render: 23ms)
 GET /meta.json 404 in 20ms (compile: 1619µs, render: 18ms)
 GET /play 200 in 29ms (compile: 8ms, render: 20ms)
 GET / 200 in 26ms (compile: 6ms, render: 20ms)
 GET /play 200 in 17ms (compile: 7ms, render: 10ms)
 GET /play 200 in 33ms (compile: 7ms, render: 26ms)
 GET /meta.json 404 in 23ms (compile: 5ms, render: 18ms)
 GET /play 200 in 21ms (compile: 4ms, render: 17ms)
✓ Compiled in 30ms
 GET /play 200 in 121ms (compile: 48ms, render: 73ms)
✓ Compiled in 11ms
✓ Compiled in 12ms
 GET /meta.json 404 in 29ms (compile: 5ms, render: 24ms)
 GET /play 200 in 127ms (compile: 54ms, render: 73ms)
 GET /play 200 in 23ms (compile: 5ms, render: 18ms)
 GET /meta.json 404 in 21ms (compile: 4ms, render: 17ms)
 GET / 200 in 26ms (compile: 4ms, render: 22ms)
 GET /play 200 in 11ms (compile: 3ms, render: 8ms)
✓ Compiled in 22ms
 GET /play 200 in 133ms (compile: 45ms, render: 89ms)
 GET /meta.json 404 in 17ms (compile: 3ms, render: 14ms)
 GET /meta.json 404 in 28ms (compile: 5ms, render: 23ms)
 GET /meta.json 404 in 24ms (compile: 5ms, render: 19ms)
 GET /play 200 in 26ms (compile: 6ms, render: 20ms)
 GET /meta.json 404 in 63ms (compile: 25ms, render: 38ms)
⚠ Found a change in next.config.ts. Restarting the server to apply the changes...
▲ Next.js 16.1.6 (Turbopack)
- Local:         http://localhost:3000
- Network:       http://192.168.100.39:3000

✓ Starting...
✓ Ready in 1062ms
 GET /play 200 in 998ms (compile: 810ms, render: 188ms)
 GET /play 200 in 993ms (compile: 782ms, render: 211ms)
 GET /play 200 in 146ms (compile: 5ms, render: 141ms)
 GET /play 200 in 149ms (compile: 21ms, render: 129ms)
 GET /play 200 in 115ms (compile: 6ms, render: 109ms)
 GET /play 200 in 111ms (compile: 15ms, render: 95ms)
 GET /meta.json 404 in 200ms (compile: 102ms, render: 98ms)
 GET /meta.json 404 in 80ms (compile: 7ms, render: 74ms)
 GET /meta.json 404 in 55ms (compile: 4ms, render: 50ms)
 GET /meta.json 404 in 32ms (compile: 9ms, render: 23ms)
✓ Compiled in 53ms
✓ Compiled in 23ms
✓ Compiled in 42ms
 GET / 200 in 64ms (compile: 29ms, render: 35ms)
 GET /meta.json 404 in 33ms (compile: 4ms, render: 29ms)
 GET /meta.json 404 in 14ms (compile: 1281µs, render: 13ms)
 GET /meta.json 404 in 19ms (compile: 4ms, render: 15ms)
 GET /play 200 in 42ms (compile: 32ms, render: 10ms)
✓ Compiled in 11ms
✓ Compiled in 61ms
✓ Compiled in 85ms
 GET /play 200 in 235ms (compile: 91ms, render: 144ms)
 GET /play 200 in 247ms (compile: 112ms, render: 135ms)
 GET /play 200 in 213ms (compile: 47ms, render: 166ms)
 GET /play 200 in 210ms (compile: 38ms, render: 171ms)
 GET /play 200 in 147ms (compile: 14ms, render: 133ms)
 GET /play 200 in 357ms (compile: 5ms, render: 352ms)
 GET /play 200 in 239ms (compile: 8ms, render: 230ms)
 GET /play 200 in 145ms (compile: 9ms, render: 136ms)
 GET /play 200 in 235ms (compile: 4ms, render: 231ms)
 GET /play 200 in 181ms (compile: 14ms, render: 166ms)
 GET /play 200 in 108ms (compile: 39ms, render: 69ms)
 GET /play 200 in 284ms (compile: 9ms, render: 275ms)
 GET /play 200 in 208ms (compile: 5ms, render: 203ms)
 GET /play 200 in 178ms (compile: 6ms, render: 172ms)
 GET /meta.json 404 in 301ms (compile: 65ms, render: 235ms)
 GET /meta.json 404 in 157ms (compile: 4ms, render: 153ms)
 GET /meta.json 404 in 107ms (compile: 3ms, render: 104ms)
 GET /meta.json 404 in 82ms (compile: 3ms, render: 79ms)
 GET /meta.json 404 in 34ms (compile: 5ms, render: 29ms)
✓ Compiled in 19ms
✓ Compiled in 48ms
✓ Compiled in 12ms
 GET /meta.json 404 in 33ms (compile: 9ms, render: 24ms)
 GET / 200 in 68ms (compile: 21ms, render: 47ms)
 GET /play 200 in 41ms (compile: 29ms, render: 12ms)
 GET / 200 in 86ms (compile: 50ms, render: 35ms)
 GET /play 200 in 15ms (compile: 4ms, render: 11ms)
 GET /play 200 in 87ms (compile: 6ms, render: 80ms)
 GET /meta.json 404 in 31ms (compile: 5ms, render: 26ms)
 GET /play 200 in 43ms (compile: 9ms, render: 34ms)
 GET /play 200 in 48ms (compile: 21ms, render: 27ms)
 GET /meta.json 404 in 21ms (compile: 5ms, render: 16ms)
 GET / 200 in 31ms (compile: 9ms, render: 21ms)
 GET /meta.json 404 in 26ms (compile: 8ms, render: 18ms)
 GET /play 200 in 15ms (compile: 4ms, render: 11ms)
 GET /play 200 in 38ms (compile: 8ms, render: 29ms)
 GET /meta.json 404 in 16ms (compile: 3ms, render: 14ms)
 GET /play 200 in 66ms (compile: 21ms, render: 44ms)
 GET /meta.json 404 in 29ms (compile: 3ms, render: 26ms)
